#-----------------------------------------------------------
# Vivado v2018.3 (64-bit)
# SW Build 2405991 on Thu Dec  6 23:38:27 MST 2018
# IP Build 2404404 on Fri Dec  7 01:43:56 MST 2018
# Start of session at: Thu Jul 25 08:36:39 2019
# Process ID: 11508
# Current directory: C:/Users/Pinju/Desktop/tetris_projec_3.0/tetris_basic
# Command line: vivado.exe -gui_launcher_event rodinguilauncherevent7416 C:\Users\Pinju\Desktop\tetris_projec_3.0\tetris_basic\project_tetris_test.xpr
# Log file: C:/Users/Pinju/Desktop/tetris_projec_3.0/tetris_basic/vivado.log
# Journal file: C:/Users/Pinju/Desktop/tetris_projec_3.0/tetris_basic\vivado.jou
#-----------------------------------------------------------
start_gui
open_project C:/Users/Pinju/Desktop/tetris_projec_3.0/tetris_basic/project_tetris_test.xpr
INFO: [Project 1-313] Project file moved from 'C:/Users/Administrator.2013-20160223HK/Desktop/tetris_projec_2.0/tetris_basic' since last save.
Scanning sources...
Finished scanning sources
INFO: [IP_Flow 19-234] Refreshing IP repositories
INFO: [IP_Flow 19-1704] No user IP repositories specified
INFO: [IP_Flow 19-2313] Loaded Vivado IP repository 'D:/SoftWare/Xilinx_Vivado/Vivado/2018.3/data/ip'.
open_project: Time (s): cpu = 00:00:25 ; elapsed = 00:00:14 . Memory (MB): peak = 852.336 ; gain = 247.473
update_compile_order -fileset sources_1
reset_run synth_1
launch_runs synth_1 -jobs 2
[Thu Jul 25 08:49:09 2019] Launched synth_1...
Run output will be captured here: C:/Users/Pinju/Desktop/tetris_projec_3.0/tetris_basic/project_tetris_test.runs/synth_1/runme.log
reset_run synth_1
launch_runs synth_1 -jobs 2
[Thu Jul 25 08:54:38 2019] Launched synth_1...
Run output will be captured here: C:/Users/Pinju/Desktop/tetris_projec_3.0/tetris_basic/project_tetris_test.runs/synth_1/runme.log
open_run synth_1 -name synth_1
Design is defaulting to impl run constrset: constrs_1
Design is defaulting to synth run part: xa7a35tcsg324-1I
INFO: [Project 1-454] Reading design checkpoint 'c:/Users/Pinju/Desktop/tetris_projec_3.0/tetris_basic/project_tetris_test.srcs/sources_1/ip/clk_wiz_0/clk_wiz_0.dcp' for cell 'diaplay_pictureso/CLK_U0'
INFO: [Netlist 29-17] Analyzing 664 Unisim elements for replacement
INFO: [Netlist 29-28] Unisim Transformation completed in 0 CPU seconds
INFO: [Project 1-479] Netlist was created with Vivado 2018.3
INFO: [Device 21-403] Loading part xa7a35tcsg324-1I
INFO: [Project 1-570] Preparing netlist for logic optimization
WARNING: [Opt 31-35] Removing redundant IBUF, diaplay_pictureso/CLK_U0/inst/clkin1_ibufg, from the path connected to top-level port: clk_too_fast 
Resolution: The tool has removed redundant IBUF. To resolve this warning, check for redundant IBUF in the input design.
WARNING: [Constraints 18-550] Could not create 'IBUF_LOW_PWR' constraint because net 'diaplay_pictureso/CLK_U0/clk_in1' is not directly connected to top level port. Synthesis is ignored for IBUF_LOW_PWR but preserved for implementation.
Parsing XDC File [c:/Users/Pinju/Desktop/tetris_projec_3.0/tetris_basic/project_tetris_test.srcs/sources_1/ip/clk_wiz_0/clk_wiz_0_board.xdc] for cell 'diaplay_pictureso/CLK_U0/inst'
Finished Parsing XDC File [c:/Users/Pinju/Desktop/tetris_projec_3.0/tetris_basic/project_tetris_test.srcs/sources_1/ip/clk_wiz_0/clk_wiz_0_board.xdc] for cell 'diaplay_pictureso/CLK_U0/inst'
Parsing XDC File [c:/Users/Pinju/Desktop/tetris_projec_3.0/tetris_basic/project_tetris_test.srcs/sources_1/ip/clk_wiz_0/clk_wiz_0.xdc] for cell 'diaplay_pictureso/CLK_U0/inst'
INFO: [Timing 38-35] Done setting XDC timing constraints. [c:/Users/Pinju/Desktop/tetris_projec_3.0/tetris_basic/project_tetris_test.srcs/sources_1/ip/clk_wiz_0/clk_wiz_0.xdc:57]
INFO: [Timing 38-2] Deriving generated clocks [c:/Users/Pinju/Desktop/tetris_projec_3.0/tetris_basic/project_tetris_test.srcs/sources_1/ip/clk_wiz_0/clk_wiz_0.xdc:57]
get_clocks: Time (s): cpu = 00:00:12 ; elapsed = 00:00:11 . Memory (MB): peak = 1622.777 ; gain = 439.148
Finished Parsing XDC File [c:/Users/Pinju/Desktop/tetris_projec_3.0/tetris_basic/project_tetris_test.srcs/sources_1/ip/clk_wiz_0/clk_wiz_0.xdc] for cell 'diaplay_pictureso/CLK_U0/inst'
Parsing XDC File [C:/Users/Pinju/Desktop/tetris_projec_3.0/tetris_basic/project_tetris_test.srcs/constrs_1/new/PINS.xdc]
WARNING: [Vivado 12-584] No ports matched 'rgb_r[0]'. [C:/Users/Pinju/Desktop/tetris_projec_3.0/tetris_basic/project_tetris_test.srcs/constrs_1/new/PINS.xdc:50]
CRITICAL WARNING: [Common 17-55] 'set_property' expects at least one object. [C:/Users/Pinju/Desktop/tetris_projec_3.0/tetris_basic/project_tetris_test.srcs/constrs_1/new/PINS.xdc:50]
Resolution: If [get_<value>] was used to populate the object, check to make sure this command returns at least one valid object.
WARNING: [Vivado 12-584] No ports matched 'rgb_r[1]'. [C:/Users/Pinju/Desktop/tetris_projec_3.0/tetris_basic/project_tetris_test.srcs/constrs_1/new/PINS.xdc:51]
CRITICAL WARNING: [Common 17-55] 'set_property' expects at least one object. [C:/Users/Pinju/Desktop/tetris_projec_3.0/tetris_basic/project_tetris_test.srcs/constrs_1/new/PINS.xdc:51]
Resolution: If [get_<value>] was used to populate the object, check to make sure this command returns at least one valid object.
WARNING: [Vivado 12-584] No ports matched 'rgb_r[2]'. [C:/Users/Pinju/Desktop/tetris_projec_3.0/tetris_basic/project_tetris_test.srcs/constrs_1/new/PINS.xdc:52]
CRITICAL WARNING: [Common 17-55] 'set_property' expects at least one object. [C:/Users/Pinju/Desktop/tetris_projec_3.0/tetris_basic/project_tetris_test.srcs/constrs_1/new/PINS.xdc:52]
Resolution: If [get_<value>] was used to populate the object, check to make sure this command returns at least one valid object.
WARNING: [Vivado 12-584] No ports matched 'rgb_r[3]'. [C:/Users/Pinju/Desktop/tetris_projec_3.0/tetris_basic/project_tetris_test.srcs/constrs_1/new/PINS.xdc:53]
CRITICAL WARNING: [Common 17-55] 'set_property' expects at least one object. [C:/Users/Pinju/Desktop/tetris_projec_3.0/tetris_basic/project_tetris_test.srcs/constrs_1/new/PINS.xdc:53]
Resolution: If [get_<value>] was used to populate the object, check to make sure this command returns at least one valid object.
WARNING: [Vivado 12-584] No ports matched 'rgb_r[4]'. [C:/Users/Pinju/Desktop/tetris_projec_3.0/tetris_basic/project_tetris_test.srcs/constrs_1/new/PINS.xdc:54]
CRITICAL WARNING: [Common 17-55] 'set_property' expects at least one object. [C:/Users/Pinju/Desktop/tetris_projec_3.0/tetris_basic/project_tetris_test.srcs/constrs_1/new/PINS.xdc:54]
Resolution: If [get_<value>] was used to populate the object, check to make sure this command returns at least one valid object.
WARNING: [Vivado 12-584] No ports matched 'rgb_r[5]'. [C:/Users/Pinju/Desktop/tetris_projec_3.0/tetris_basic/project_tetris_test.srcs/constrs_1/new/PINS.xdc:55]
CRITICAL WARNING: [Common 17-55] 'set_property' expects at least one object. [C:/Users/Pinju/Desktop/tetris_projec_3.0/tetris_basic/project_tetris_test.srcs/constrs_1/new/PINS.xdc:55]
Resolution: If [get_<value>] was used to populate the object, check to make sure this command returns at least one valid object.
WARNING: [Vivado 12-584] No ports matched 'rgb_r[6]'. [C:/Users/Pinju/Desktop/tetris_projec_3.0/tetris_basic/project_tetris_test.srcs/constrs_1/new/PINS.xdc:56]
CRITICAL WARNING: [Common 17-55] 'set_property' expects at least one object. [C:/Users/Pinju/Desktop/tetris_projec_3.0/tetris_basic/project_tetris_test.srcs/constrs_1/new/PINS.xdc:56]
Resolution: If [get_<value>] was used to populate the object, check to make sure this command returns at least one valid object.
WARNING: [Vivado 12-584] No ports matched 'rgb_r[7]'. [C:/Users/Pinju/Desktop/tetris_projec_3.0/tetris_basic/project_tetris_test.srcs/constrs_1/new/PINS.xdc:57]
CRITICAL WARNING: [Common 17-55] 'set_property' expects at least one object. [C:/Users/Pinju/Desktop/tetris_projec_3.0/tetris_basic/project_tetris_test.srcs/constrs_1/new/PINS.xdc:57]
Resolution: If [get_<value>] was used to populate the object, check to make sure this command returns at least one valid object.
WARNING: [Vivado 12-584] No ports matched 'rgb_b[0]'. [C:/Users/Pinju/Desktop/tetris_projec_3.0/tetris_basic/project_tetris_test.srcs/constrs_1/new/PINS.xdc:58]
CRITICAL WARNING: [Common 17-55] 'set_property' expects at least one object. [C:/Users/Pinju/Desktop/tetris_projec_3.0/tetris_basic/project_tetris_test.srcs/constrs_1/new/PINS.xdc:58]
Resolution: If [get_<value>] was used to populate the object, check to make sure this command returns at least one valid object.
WARNING: [Vivado 12-584] No ports matched 'rgb_b[1]'. [C:/Users/Pinju/Desktop/tetris_projec_3.0/tetris_basic/project_tetris_test.srcs/constrs_1/new/PINS.xdc:59]
CRITICAL WARNING: [Common 17-55] 'set_property' expects at least one object. [C:/Users/Pinju/Desktop/tetris_projec_3.0/tetris_basic/project_tetris_test.srcs/constrs_1/new/PINS.xdc:59]
Resolution: If [get_<value>] was used to populate the object, check to make sure this command returns at least one valid object.
WARNING: [Vivado 12-584] No ports matched 'rgb_b[2]'. [C:/Users/Pinju/Desktop/tetris_projec_3.0/tetris_basic/project_tetris_test.srcs/constrs_1/new/PINS.xdc:60]
CRITICAL WARNING: [Common 17-55] 'set_property' expects at least one object. [C:/Users/Pinju/Desktop/tetris_projec_3.0/tetris_basic/project_tetris_test.srcs/constrs_1/new/PINS.xdc:60]
Resolution: If [get_<value>] was used to populate the object, check to make sure this command returns at least one valid object.
WARNING: [Vivado 12-584] No ports matched 'rgb_b[3]'. [C:/Users/Pinju/Desktop/tetris_projec_3.0/tetris_basic/project_tetris_test.srcs/constrs_1/new/PINS.xdc:61]
CRITICAL WARNING: [Common 17-55] 'set_property' expects at least one object. [C:/Users/Pinju/Desktop/tetris_projec_3.0/tetris_basic/project_tetris_test.srcs/constrs_1/new/PINS.xdc:61]
Resolution: If [get_<value>] was used to populate the object, check to make sure this command returns at least one valid object.
WARNING: [Vivado 12-584] No ports matched 'rgb_b[4]'. [C:/Users/Pinju/Desktop/tetris_projec_3.0/tetris_basic/project_tetris_test.srcs/constrs_1/new/PINS.xdc:62]
CRITICAL WARNING: [Common 17-55] 'set_property' expects at least one object. [C:/Users/Pinju/Desktop/tetris_projec_3.0/tetris_basic/project_tetris_test.srcs/constrs_1/new/PINS.xdc:62]
Resolution: If [get_<value>] was used to populate the object, check to make sure this command returns at least one valid object.
WARNING: [Vivado 12-584] No ports matched 'rgb_b[5]'. [C:/Users/Pinju/Desktop/tetris_projec_3.0/tetris_basic/project_tetris_test.srcs/constrs_1/new/PINS.xdc:63]
CRITICAL WARNING: [Common 17-55] 'set_property' expects at least one object. [C:/Users/Pinju/Desktop/tetris_projec_3.0/tetris_basic/project_tetris_test.srcs/constrs_1/new/PINS.xdc:63]
Resolution: If [get_<value>] was used to populate the object, check to make sure this command returns at least one valid object.
WARNING: [Vivado 12-584] No ports matched 'rgb_b[6]'. [C:/Users/Pinju/Desktop/tetris_projec_3.0/tetris_basic/project_tetris_test.srcs/constrs_1/new/PINS.xdc:64]
CRITICAL WARNING: [Common 17-55] 'set_property' expects at least one object. [C:/Users/Pinju/Desktop/tetris_projec_3.0/tetris_basic/project_tetris_test.srcs/constrs_1/new/PINS.xdc:64]
Resolution: If [get_<value>] was used to populate the object, check to make sure this command returns at least one valid object.
WARNING: [Vivado 12-584] No ports matched 'rgb_b[7]'. [C:/Users/Pinju/Desktop/tetris_projec_3.0/tetris_basic/project_tetris_test.srcs/constrs_1/new/PINS.xdc:65]
CRITICAL WARNING: [Common 17-55] 'set_property' expects at least one object. [C:/Users/Pinju/Desktop/tetris_projec_3.0/tetris_basic/project_tetris_test.srcs/constrs_1/new/PINS.xdc:65]
Resolution: If [get_<value>] was used to populate the object, check to make sure this command returns at least one valid object.
WARNING: [Vivado 12-584] No ports matched 'rgb_b[7]'. [C:/Users/Pinju/Desktop/tetris_projec_3.0/tetris_basic/project_tetris_test.srcs/constrs_1/new/PINS.xdc:78]
CRITICAL WARNING: [Common 17-55] 'set_property' expects at least one object. [C:/Users/Pinju/Desktop/tetris_projec_3.0/tetris_basic/project_tetris_test.srcs/constrs_1/new/PINS.xdc:78]
Resolution: If [get_<value>] was used to populate the object, check to make sure this command returns at least one valid object.
WARNING: [Vivado 12-584] No ports matched 'rgb_b[6]'. [C:/Users/Pinju/Desktop/tetris_projec_3.0/tetris_basic/project_tetris_test.srcs/constrs_1/new/PINS.xdc:79]
CRITICAL WARNING: [Common 17-55] 'set_property' expects at least one object. [C:/Users/Pinju/Desktop/tetris_projec_3.0/tetris_basic/project_tetris_test.srcs/constrs_1/new/PINS.xdc:79]
Resolution: If [get_<value>] was used to populate the object, check to make sure this command returns at least one valid object.
WARNING: [Vivado 12-584] No ports matched 'rgb_b[5]'. [C:/Users/Pinju/Desktop/tetris_projec_3.0/tetris_basic/project_tetris_test.srcs/constrs_1/new/PINS.xdc:80]
CRITICAL WARNING: [Common 17-55] 'set_property' expects at least one object. [C:/Users/Pinju/Desktop/tetris_projec_3.0/tetris_basic/project_tetris_test.srcs/constrs_1/new/PINS.xdc:80]
Resolution: If [get_<value>] was used to populate the object, check to make sure this command returns at least one valid object.
WARNING: [Vivado 12-584] No ports matched 'rgb_b[4]'. [C:/Users/Pinju/Desktop/tetris_projec_3.0/tetris_basic/project_tetris_test.srcs/constrs_1/new/PINS.xdc:81]
CRITICAL WARNING: [Common 17-55] 'set_property' expects at least one object. [C:/Users/Pinju/Desktop/tetris_projec_3.0/tetris_basic/project_tetris_test.srcs/constrs_1/new/PINS.xdc:81]
Resolution: If [get_<value>] was used to populate the object, check to make sure this command returns at least one valid object.
WARNING: [Vivado 12-584] No ports matched 'rgb_b[3]'. [C:/Users/Pinju/Desktop/tetris_projec_3.0/tetris_basic/project_tetris_test.srcs/constrs_1/new/PINS.xdc:82]
CRITICAL WARNING: [Common 17-55] 'set_property' expects at least one object. [C:/Users/Pinju/Desktop/tetris_projec_3.0/tetris_basic/project_tetris_test.srcs/constrs_1/new/PINS.xdc:82]
Resolution: If [get_<value>] was used to populate the object, check to make sure this command returns at least one valid object.
WARNING: [Vivado 12-584] No ports matched 'rgb_b[2]'. [C:/Users/Pinju/Desktop/tetris_projec_3.0/tetris_basic/project_tetris_test.srcs/constrs_1/new/PINS.xdc:83]
CRITICAL WARNING: [Common 17-55] 'set_property' expects at least one object. [C:/Users/Pinju/Desktop/tetris_projec_3.0/tetris_basic/project_tetris_test.srcs/constrs_1/new/PINS.xdc:83]
Resolution: If [get_<value>] was used to populate the object, check to make sure this command returns at least one valid object.
WARNING: [Vivado 12-584] No ports matched 'rgb_b[1]'. [C:/Users/Pinju/Desktop/tetris_projec_3.0/tetris_basic/project_tetris_test.srcs/constrs_1/new/PINS.xdc:84]
CRITICAL WARNING: [Common 17-55] 'set_property' expects at least one object. [C:/Users/Pinju/Desktop/tetris_projec_3.0/tetris_basic/project_tetris_test.srcs/constrs_1/new/PINS.xdc:84]
Resolution: If [get_<value>] was used to populate the object, check to make sure this command returns at least one valid object.
WARNING: [Vivado 12-584] No ports matched 'rgb_b[0]'. [C:/Users/Pinju/Desktop/tetris_projec_3.0/tetris_basic/project_tetris_test.srcs/constrs_1/new/PINS.xdc:85]
CRITICAL WARNING: [Common 17-55] 'set_property' expects at least one object. [C:/Users/Pinju/Desktop/tetris_projec_3.0/tetris_basic/project_tetris_test.srcs/constrs_1/new/PINS.xdc:85]
Resolution: If [get_<value>] was used to populate the object, check to make sure this command returns at least one valid object.
WARNING: [Vivado 12-584] No ports matched 'rgb_r[7]'. [C:/Users/Pinju/Desktop/tetris_projec_3.0/tetris_basic/project_tetris_test.srcs/constrs_1/new/PINS.xdc:86]
CRITICAL WARNING: [Common 17-55] 'set_property' expects at least one object. [C:/Users/Pinju/Desktop/tetris_projec_3.0/tetris_basic/project_tetris_test.srcs/constrs_1/new/PINS.xdc:86]
Resolution: If [get_<value>] was used to populate the object, check to make sure this command returns at least one valid object.
WARNING: [Vivado 12-584] No ports matched 'rgb_r[6]'. [C:/Users/Pinju/Desktop/tetris_projec_3.0/tetris_basic/project_tetris_test.srcs/constrs_1/new/PINS.xdc:87]
CRITICAL WARNING: [Common 17-55] 'set_property' expects at least one object. [C:/Users/Pinju/Desktop/tetris_projec_3.0/tetris_basic/project_tetris_test.srcs/constrs_1/new/PINS.xdc:87]
Resolution: If [get_<value>] was used to populate the object, check to make sure this command returns at least one valid object.
WARNING: [Vivado 12-584] No ports matched 'rgb_r[5]'. [C:/Users/Pinju/Desktop/tetris_projec_3.0/tetris_basic/project_tetris_test.srcs/constrs_1/new/PINS.xdc:88]
CRITICAL WARNING: [Common 17-55] 'set_property' expects at least one object. [C:/Users/Pinju/Desktop/tetris_projec_3.0/tetris_basic/project_tetris_test.srcs/constrs_1/new/PINS.xdc:88]
Resolution: If [get_<value>] was used to populate the object, check to make sure this command returns at least one valid object.
WARNING: [Vivado 12-584] No ports matched 'rgb_r[4]'. [C:/Users/Pinju/Desktop/tetris_projec_3.0/tetris_basic/project_tetris_test.srcs/constrs_1/new/PINS.xdc:89]
CRITICAL WARNING: [Common 17-55] 'set_property' expects at least one object. [C:/Users/Pinju/Desktop/tetris_projec_3.0/tetris_basic/project_tetris_test.srcs/constrs_1/new/PINS.xdc:89]
Resolution: If [get_<value>] was used to populate the object, check to make sure this command returns at least one valid object.
WARNING: [Vivado 12-584] No ports matched 'rgb_r[3]'. [C:/Users/Pinju/Desktop/tetris_projec_3.0/tetris_basic/project_tetris_test.srcs/constrs_1/new/PINS.xdc:90]
CRITICAL WARNING: [Common 17-55] 'set_property' expects at least one object. [C:/Users/Pinju/Desktop/tetris_projec_3.0/tetris_basic/project_tetris_test.srcs/constrs_1/new/PINS.xdc:90]
Resolution: If [get_<value>] was used to populate the object, check to make sure this command returns at least one valid object.
WARNING: [Vivado 12-584] No ports matched 'rgb_r[2]'. [C:/Users/Pinju/Desktop/tetris_projec_3.0/tetris_basic/project_tetris_test.srcs/constrs_1/new/PINS.xdc:91]
CRITICAL WARNING: [Common 17-55] 'set_property' expects at least one object. [C:/Users/Pinju/Desktop/tetris_projec_3.0/tetris_basic/project_tetris_test.srcs/constrs_1/new/PINS.xdc:91]
Resolution: If [get_<value>] was used to populate the object, check to make sure this command returns at least one valid object.
WARNING: [Vivado 12-584] No ports matched 'rgb_r[1]'. [C:/Users/Pinju/Desktop/tetris_projec_3.0/tetris_basic/project_tetris_test.srcs/constrs_1/new/PINS.xdc:92]
CRITICAL WARNING: [Common 17-55] 'set_property' expects at least one object. [C:/Users/Pinju/Desktop/tetris_projec_3.0/tetris_basic/project_tetris_test.srcs/constrs_1/new/PINS.xdc:92]
Resolution: If [get_<value>] was used to populate the object, check to make sure this command returns at least one valid object.
WARNING: [Vivado 12-584] No ports matched 'rgb_r[0]'. [C:/Users/Pinju/Desktop/tetris_projec_3.0/tetris_basic/project_tetris_test.srcs/constrs_1/new/PINS.xdc:93]
CRITICAL WARNING: [Common 17-55] 'set_property' expects at least one object. [C:/Users/Pinju/Desktop/tetris_projec_3.0/tetris_basic/project_tetris_test.srcs/constrs_1/new/PINS.xdc:93]
Resolution: If [get_<value>] was used to populate the object, check to make sure this command returns at least one valid object.
WARNING: [Vivado 12-750] There are no ChipScope debug cores in this design. [C:/Users/Pinju/Desktop/tetris_projec_3.0/tetris_basic/project_tetris_test.srcs/constrs_1/new/PINS.xdc:95]
CRITICAL WARNING: [Common 17-55] 'set_property' expects at least one object. [C:/Users/Pinju/Desktop/tetris_projec_3.0/tetris_basic/project_tetris_test.srcs/constrs_1/new/PINS.xdc:95]
Resolution: If [get_<value>] was used to populate the object, check to make sure this command returns at least one valid object.
WARNING: [Vivado 12-750] There are no ChipScope debug cores in this design. [C:/Users/Pinju/Desktop/tetris_projec_3.0/tetris_basic/project_tetris_test.srcs/constrs_1/new/PINS.xdc:96]
CRITICAL WARNING: [Common 17-55] 'set_property' expects at least one object. [C:/Users/Pinju/Desktop/tetris_projec_3.0/tetris_basic/project_tetris_test.srcs/constrs_1/new/PINS.xdc:96]
Resolution: If [get_<value>] was used to populate the object, check to make sure this command returns at least one valid object.
WARNING: [Vivado 12-750] There are no ChipScope debug cores in this design. [C:/Users/Pinju/Desktop/tetris_projec_3.0/tetris_basic/project_tetris_test.srcs/constrs_1/new/PINS.xdc:97]
CRITICAL WARNING: [Common 17-55] 'set_property' expects at least one object. [C:/Users/Pinju/Desktop/tetris_projec_3.0/tetris_basic/project_tetris_test.srcs/constrs_1/new/PINS.xdc:97]
Resolution: If [get_<value>] was used to populate the object, check to make sure this command returns at least one valid object.
CRITICAL WARNING: [Vivado 12-1419] Debug core 'dbg_hub' was not found. [C:/Users/Pinju/Desktop/tetris_projec_3.0/tetris_basic/project_tetris_test.srcs/constrs_1/new/PINS.xdc:98]
Finished Parsing XDC File [C:/Users/Pinju/Desktop/tetris_projec_3.0/tetris_basic/project_tetris_test.srcs/constrs_1/new/PINS.xdc]
INFO: [Opt 31-138] Pushed 0 inverter(s) to 0 load pin(s).
Netlist sorting complete. Time (s): cpu = 00:00:00 ; elapsed = 00:00:00.003 . Memory (MB): peak = 1622.863 ; gain = 0.000
INFO: [Project 1-111] Unisim Transformation Summary:
No Unisim elements were transformed.

open_run: Time (s): cpu = 00:00:33 ; elapsed = 00:00:25 . Memory (MB): peak = 1704.508 ; gain = 712.141
startgroup
set_property package_pin "" [get_ports [list  {seg[7]}]]
place_ports {seg[0]} D5
endgroup
place_ports {seg[7]} B4
startgroup
set_property package_pin "" [get_ports [list  {seg[6]}]]
place_ports {seg[1]} B2
endgroup
place_ports {seg[6]} A4
startgroup
set_property package_pin "" [get_ports [list  {seg[2]}]]
place_ports {seg[5]} A3
endgroup
startgroup
set_property package_pin "" [get_ports [list  {seg[3]}]]
place_ports {seg[4]} B1
endgroup
place_ports {seg[3]} A1
place_ports {seg[2]} B3
place_ports {rgb[11]} B7
place_ports {rgb[10]} C5
place_ports {rgb[9]} C6
place_ports {rgb[8]} F5
startgroup
set_property package_pin "" [get_ports [list  {rgb[3]}]]
place_ports {rgb[7]} D8
endgroup
startgroup
set_property package_pin "" [get_ports [list  {rgb[2]}]]
place_ports {rgb[6]} A5
endgroup
startgroup
set_property package_pin "" [get_ports [list  {rgb[1]}]]
place_ports {rgb[5]} A6
endgroup
startgroup
set_property package_pin "" [get_ports [list  {rgb[0]}]]
place_ports {rgb[4]} B6
endgroup
place_ports {rgb[3]} E7
place_ports {rgb[2]} E5
place_ports {rgb[1]} E6
place_ports {rgb[0]} C7
set_property IOSTANDARD LVCMOS33 [get_ports [list {rgb[11]} {rgb[10]} {rgb[9]} {rgb[8]} {rgb[7]} {rgb[6]} {rgb[5]} {rgb[4]} {rgb[3]} {rgb[2]} {rgb[1]} {rgb[0]}]]
startgroup
set_property package_pin "" [get_ports [list  btn_rotate]]
place_ports btn_drop R15
endgroup
place_ports btn_rotate U4
save_constraints
Netlist sorting complete. Time (s): cpu = 00:00:00 ; elapsed = 00:00:00.003 . Memory (MB): peak = 1721.801 ; gain = 0.000
close_design
reset_run synth_1
launch_runs impl_1 -to_step write_bitstream -jobs 2
[Thu Jul 25 09:10:13 2019] Launched synth_1...
Run output will be captured here: C:/Users/Pinju/Desktop/tetris_projec_3.0/tetris_basic/project_tetris_test.runs/synth_1/runme.log
[Thu Jul 25 09:10:13 2019] Launched impl_1...
Run output will be captured here: C:/Users/Pinju/Desktop/tetris_projec_3.0/tetris_basic/project_tetris_test.runs/impl_1/runme.log
open_hw
connect_hw_server
INFO: [Labtools 27-2285] Connecting to hw_server url TCP:localhost:3121
INFO: [Labtools 27-2222] Launching hw_server...
INFO: [Labtools 27-2221] Launch Output:

****** Xilinx hw_server v2018.3
  **** Build date : Dec  7 2018-00:40:27
    ** Copyright 1986-2018 Xilinx, Inc. All Rights Reserved.


disconnect_hw_server localhost:3121
connect_hw_server
INFO: [Labtools 27-2285] Connecting to hw_server url TCP:localhost:3121
disconnect_hw_server localhost:3121
connect_hw_server
INFO: [Labtools 27-2285] Connecting to hw_server url TCP:localhost:3121
disconnect_hw_server localhost:3121
connect_hw_server
INFO: [Labtools 27-2285] Connecting to hw_server url TCP:localhost:3121
open_hw_target
INFO: [Labtoolstcl 44-466] Opening hw_target localhost:3121/xilinx_tcf/Xilinx/1234-tulA
set_property PROGRAM.FILE {C:/Users/Pinju/Desktop/tetris_projec_3.0/tetris_basic/project_tetris_test.runs/impl_1/tetris.bit} [get_hw_devices xc7a35t_0]
current_hw_device [get_hw_devices xc7a35t_0]
refresh_hw_device -update_hw_probes false [lindex [get_hw_devices xc7a35t_0] 0]
INFO: [Labtools 27-1434] Device xc7a35t (JTAG device index = 0) is programmed with a design that has no supported debug core(s) in it.
set_property PROBES.FILE {} [get_hw_devices xc7a35t_0]
set_property FULL_PROBES.FILE {} [get_hw_devices xc7a35t_0]
set_property PROGRAM.FILE {C:/Users/Pinju/Desktop/tetris_projec_3.0/tetris_basic/project_tetris_test.runs/impl_1/tetris.bit} [get_hw_devices xc7a35t_0]
program_hw_devices [get_hw_devices xc7a35t_0]
INFO: [Labtools 27-3164] End of startup status: HIGH
refresh_hw_device [lindex [get_hw_devices xc7a35t_0] 0]
INFO: [Labtools 27-1434] Device xc7a35t (JTAG device index = 0) is programmed with a design that has no supported debug core(s) in it.
refresh_hw_device [lindex [get_hw_devices xc7a35t_0] 0]
INFO: [Labtools 27-1434] Device xc7a35t (JTAG device index = 0) is programmed with a design that has no supported debug core(s) in it.
set_property PROBES.FILE {} [get_hw_devices xc7a35t_0]
set_property FULL_PROBES.FILE {} [get_hw_devices xc7a35t_0]
set_property PROGRAM.FILE {C:/Users/Pinju/Desktop/tetris_projec_3.0/tetris_basic/project_tetris_test.runs/impl_1/tetris.bit} [get_hw_devices xc7a35t_0]
program_hw_devices [get_hw_devices xc7a35t_0]
INFO: [Labtools 27-3164] End of startup status: HIGH
refresh_hw_device [lindex [get_hw_devices xc7a35t_0] 0]
INFO: [Labtools 27-1434] Device xc7a35t (JTAG device index = 0) is programmed with a design that has no supported debug core(s) in it.
ERROR: [Labtoolstcl 44-513] HW Target shutdown. Closing target: localhost:3121/xilinx_tcf/Xilinx/1234-tulA
INFO: [Labtoolstcl 44-466] Opening hw_target localhost:3121/xilinx_tcf/Xilinx/1234-tulA
INFO: [Labtools 27-1435] Device xc7a35t (JTAG device index = 0) is not programmed (DONE status = 0).
WARNING: [Labtoolstcl 44-129] No matching hw_ila_data was found.
set_property PROBES.FILE {} [get_hw_devices xc7a35t_0]
set_property FULL_PROBES.FILE {} [get_hw_devices xc7a35t_0]
set_property PROGRAM.FILE {C:/Users/Pinju/Desktop/tetris_projec_3.0/tetris_basic/project_tetris_test.runs/impl_1/tetris.bit} [get_hw_devices xc7a35t_0]
program_hw_devices [get_hw_devices xc7a35t_0]
INFO: [Labtools 27-3164] End of startup status: HIGH
refresh_hw_device [lindex [get_hw_devices xc7a35t_0] 0]
INFO: [Labtools 27-1434] Device xc7a35t (JTAG device index = 0) is programmed with a design that has no supported debug core(s) in it.
set_property PROBES.FILE {} [get_hw_devices xc7a35t_0]
set_property FULL_PROBES.FILE {} [get_hw_devices xc7a35t_0]
set_property PROGRAM.FILE {C:/Users/Pinju/Desktop/tetris_projec_3.0/tetris_basic/project_tetris_test.runs/impl_1/tetris.bit} [get_hw_devices xc7a35t_0]
program_hw_devices [get_hw_devices xc7a35t_0]
INFO: [Labtools 27-3164] End of startup status: HIGH
refresh_hw_device [lindex [get_hw_devices xc7a35t_0] 0]
INFO: [Labtools 27-1434] Device xc7a35t (JTAG device index = 0) is programmed with a design that has no supported debug core(s) in it.
ERROR: [Labtoolstcl 44-513] HW Target shutdown. Closing target: localhost:3121/xilinx_tcf/Xilinx/1234-tulA
disconnect_hw_server localhost:3121
connect_hw_server
INFO: [Labtools 27-2285] Connecting to hw_server url TCP:localhost:3121
ERROR: [Labtoolstcl 44-494] There is no active target available for server at localhost.
 Targets(s) ", jsn-tul-1234-tulA" may be locked by another hw_server.
disconnect_hw_server localhost:3121
connect_hw_server
INFO: [Labtools 27-2285] Connecting to hw_server url TCP:localhost:3121
open_hw_target
INFO: [Labtoolstcl 44-466] Opening hw_target localhost:3121/xilinx_tcf/Xilinx/1234-tulA
set_property PROGRAM.FILE {C:/Users/Pinju/Desktop/tetris_projec_3.0/tetris_basic/project_tetris_test.runs/impl_1/tetris.bit} [get_hw_devices xc7a35t_0]
current_hw_device [get_hw_devices xc7a35t_0]
refresh_hw_device -update_hw_probes false [lindex [get_hw_devices xc7a35t_0] 0]
INFO: [Labtools 27-1434] Device xc7a35t (JTAG device index = 0) is programmed with a design that has no supported debug core(s) in it.
set_property PROBES.FILE {} [get_hw_devices xc7a35t_0]
set_property FULL_PROBES.FILE {} [get_hw_devices xc7a35t_0]
set_property PROGRAM.FILE {C:/Users/Pinju/Desktop/tetris_projec_3.0/tetris_basic/project_tetris_test.runs/impl_1/tetris.bit} [get_hw_devices xc7a35t_0]
program_hw_devices [get_hw_devices xc7a35t_0]
INFO: [Labtools 27-3164] End of startup status: HIGH
refresh_hw_device [lindex [get_hw_devices xc7a35t_0] 0]
INFO: [Labtools 27-1434] Device xc7a35t (JTAG device index = 0) is programmed with a design that has no supported debug core(s) in it.
set_property PROBES.FILE {} [get_hw_devices xc7a35t_0]
set_property FULL_PROBES.FILE {} [get_hw_devices xc7a35t_0]
set_property PROGRAM.FILE {C:/Users/Pinju/Desktop/tetris_projec_3.0/tetris_basic/project_tetris_test.runs/impl_1/tetris.bit} [get_hw_devices xc7a35t_0]
program_hw_devices [get_hw_devices xc7a35t_0]
INFO: [Labtools 27-3164] End of startup status: HIGH
refresh_hw_device [lindex [get_hw_devices xc7a35t_0] 0]
INFO: [Labtools 27-1434] Device xc7a35t (JTAG device index = 0) is programmed with a design that has no supported debug core(s) in it.
ERROR: [Labtoolstcl 44-513] HW Target shutdown. Closing target: localhost:3121/xilinx_tcf/Xilinx/1234-tulA
INFO: [Labtoolstcl 44-466] Opening hw_target localhost:3121/xilinx_tcf/Xilinx/1234-tulA
INFO: [Labtools 27-1434] Device xc7a35t (JTAG device index = 0) is programmed with a design that has no supported debug core(s) in it.
WARNING: [Labtoolstcl 44-129] No matching hw_ila_data was found.
ERROR: [Labtoolstcl 44-513] HW Target shutdown. Closing target: localhost:3121/xilinx_tcf/Xilinx/1234-tulA
disconnect_hw_server localhost:3121
connect_hw_server
INFO: [Labtools 27-2285] Connecting to hw_server url TCP:localhost:3121
INFO: [Common 17-41] Interrupt caught. Command should exit soon.
ERROR: [Labtools 27-3419] Disconnecting from hw_server since it's not responding to requests.  It is recommended to investigate hw_server to find any issues.
INFO: [Labtools 27-2058] connect_hw_server command cancelled.
connect_hw_server: Time (s): cpu = 00:00:01 ; elapsed = 00:00:37 . Memory (MB): peak = 2554.535 ; gain = 0.000
INFO: [Common 17-344] 'connect_hw_server' was cancelled
connect_hw_server
INFO: [Labtools 27-2285] Connecting to hw_server url TCP:localhost:3121
open_hw_target
INFO: [Labtoolstcl 44-466] Opening hw_target localhost:3121/xilinx_tcf/Xilinx/1234-tulA
set_property PROGRAM.FILE {C:/Users/Pinju/Desktop/tetris_projec_3.0/tetris_basic/project_tetris_test.runs/impl_1/tetris.bit} [get_hw_devices xc7a35t_0]
current_hw_device [get_hw_devices xc7a35t_0]
refresh_hw_device -update_hw_probes false [lindex [get_hw_devices xc7a35t_0] 0]
INFO: [Labtools 27-1434] Device xc7a35t (JTAG device index = 0) is programmed with a design that has no supported debug core(s) in it.
set_property PROBES.FILE {} [get_hw_devices xc7a35t_0]
set_property FULL_PROBES.FILE {} [get_hw_devices xc7a35t_0]
set_property PROGRAM.FILE {C:/Users/Pinju/Desktop/tetris_projec_3.0/tetris_basic/project_tetris_test.runs/impl_1/tetris.bit} [get_hw_devices xc7a35t_0]
program_hw_devices [get_hw_devices xc7a35t_0]
INFO: [Labtools 27-3164] End of startup status: HIGH
refresh_hw_device [lindex [get_hw_devices xc7a35t_0] 0]
INFO: [Labtools 27-1434] Device xc7a35t (JTAG device index = 0) is programmed with a design that has no supported debug core(s) in it.
ERROR: [Labtoolstcl 44-513] HW Target shutdown. Closing target: localhost:3121/xilinx_tcf/Xilinx/1234-tulA
INFO: [Labtoolstcl 44-466] Opening hw_target localhost:3121/xilinx_tcf/Xilinx/1234-tulA
INFO: [Labtools 27-1434] Device xc7a35t (JTAG device index = 0) is programmed with a design that has no supported debug core(s) in it.
WARNING: [Labtoolstcl 44-129] No matching hw_ila_data was found.
set_property PROBES.FILE {} [get_hw_devices xc7a35t_0]
set_property FULL_PROBES.FILE {} [get_hw_devices xc7a35t_0]
set_property PROGRAM.FILE {C:/Users/Pinju/Desktop/tetris_projec_3.0/tetris_basic/project_tetris_test.runs/impl_1/tetris.bit} [get_hw_devices xc7a35t_0]
program_hw_devices [get_hw_devices xc7a35t_0]
INFO: [Labtools 27-3164] End of startup status: HIGH
refresh_hw_device [lindex [get_hw_devices xc7a35t_0] 0]
INFO: [Labtools 27-1434] Device xc7a35t (JTAG device index = 0) is programmed with a design that has no supported debug core(s) in it.
refresh_hw_device [lindex [get_hw_devices xc7a35t_0] 0]
INFO: [Labtools 27-1434] Device xc7a35t (JTAG device index = 0) is programmed with a design that has no supported debug core(s) in it.
set_property PROBES.FILE {} [get_hw_devices xc7a35t_0]
set_property FULL_PROBES.FILE {} [get_hw_devices xc7a35t_0]
set_property PROGRAM.FILE {C:/Users/Pinju/Desktop/tetris_projec_3.0/tetris_basic/project_tetris_test.runs/impl_1/tetris.bit} [get_hw_devices xc7a35t_0]
program_hw_devices [get_hw_devices xc7a35t_0]
INFO: [Labtools 27-3164] End of startup status: HIGH
refresh_hw_device [lindex [get_hw_devices xc7a35t_0] 0]
INFO: [Labtools 27-1434] Device xc7a35t (JTAG device index = 0) is programmed with a design that has no supported debug core(s) in it.
set_property PROBES.FILE {} [get_hw_devices xc7a35t_0]
set_property FULL_PROBES.FILE {} [get_hw_devices xc7a35t_0]
set_property PROGRAM.FILE {C:/Users/Pinju/Desktop/tetris_projec_3.0/tetris_basic/project_tetris_test.runs/impl_1/tetris.bit} [get_hw_devices xc7a35t_0]
program_hw_devices [get_hw_devices xc7a35t_0]
INFO: [Labtools 27-3164] End of startup status: HIGH
refresh_hw_device [lindex [get_hw_devices xc7a35t_0] 0]
INFO: [Labtools 27-1434] Device xc7a35t (JTAG device index = 0) is programmed with a design that has no supported debug core(s) in it.
close_hw
reset_run synth_1
launch_runs synth_1 -jobs 2
[Thu Jul 25 09:32:45 2019] Launched synth_1...
Run output will be captured here: C:/Users/Pinju/Desktop/tetris_projec_3.0/tetris_basic/project_tetris_test.runs/synth_1/runme.log
open_hw
connect_hw_server
INFO: [Labtools 27-2285] Connecting to hw_server url TCP:localhost:3121
open_hw_target
INFO: [Labtoolstcl 44-466] Opening hw_target localhost:3121/xilinx_tcf/Xilinx/1234-tulA
current_hw_device [get_hw_devices xc7a35t_0]
refresh_hw_device -update_hw_probes false [lindex [get_hw_devices xc7a35t_0] 0]
INFO: [Labtools 27-1434] Device xc7a35t (JTAG device index = 0) is programmed with a design that has no supported debug core(s) in it.
close_hw
launch_runs impl_1 -to_step write_bitstream -jobs 2
[Thu Jul 25 09:39:30 2019] Launched impl_1...
Run output will be captured here: C:/Users/Pinju/Desktop/tetris_projec_3.0/tetris_basic/project_tetris_test.runs/impl_1/runme.log
open_hw
connect_hw_server
INFO: [Labtools 27-2285] Connecting to hw_server url TCP:localhost:3121
open_hw_target
INFO: [Labtoolstcl 44-466] Opening hw_target localhost:3121/xilinx_tcf/Xilinx/1234-tulA
set_property PROGRAM.FILE {C:/Users/Pinju/Desktop/tetris_projec_3.0/tetris_basic/project_tetris_test.runs/impl_1/tetris.bit} [get_hw_devices xc7a35t_0]
current_hw_device [get_hw_devices xc7a35t_0]
refresh_hw_device -update_hw_probes false [lindex [get_hw_devices xc7a35t_0] 0]
INFO: [Labtools 27-1434] Device xc7a35t (JTAG device index = 0) is programmed with a design that has no supported debug core(s) in it.
set_property PROBES.FILE {} [get_hw_devices xc7a35t_0]
set_property FULL_PROBES.FILE {} [get_hw_devices xc7a35t_0]
set_property PROGRAM.FILE {C:/Users/Pinju/Desktop/tetris_projec_3.0/tetris_basic/project_tetris_test.runs/impl_1/tetris.bit} [get_hw_devices xc7a35t_0]
program_hw_devices [get_hw_devices xc7a35t_0]
INFO: [Labtools 27-3164] End of startup status: HIGH
refresh_hw_device [lindex [get_hw_devices xc7a35t_0] 0]
INFO: [Labtools 27-1434] Device xc7a35t (JTAG device index = 0) is programmed with a design that has no supported debug core(s) in it.
close_hw
reset_run synth_1
launch_runs impl_1 -to_step write_bitstream -jobs 2
[Thu Jul 25 10:01:19 2019] Launched synth_1...
Run output will be captured here: C:/Users/Pinju/Desktop/tetris_projec_3.0/tetris_basic/project_tetris_test.runs/synth_1/runme.log
[Thu Jul 25 10:01:19 2019] Launched impl_1...
Run output will be captured here: C:/Users/Pinju/Desktop/tetris_projec_3.0/tetris_basic/project_tetris_test.runs/impl_1/runme.log
open_hw
connect_hw_server
INFO: [Labtools 27-2285] Connecting to hw_server url TCP:localhost:3121
open_hw_target
INFO: [Labtoolstcl 44-466] Opening hw_target localhost:3121/xilinx_tcf/Xilinx/1234-tulA
set_property PROGRAM.FILE {C:/Users/Pinju/Desktop/tetris_projec_3.0/tetris_basic/project_tetris_test.runs/impl_1/tetris.bit} [get_hw_devices xc7a35t_0]
current_hw_device [get_hw_devices xc7a35t_0]
refresh_hw_device -update_hw_probes false [lindex [get_hw_devices xc7a35t_0] 0]
INFO: [Labtools 27-1434] Device xc7a35t (JTAG device index = 0) is programmed with a design that has no supported debug core(s) in it.
set_property PROBES.FILE {} [get_hw_devices xc7a35t_0]
set_property FULL_PROBES.FILE {} [get_hw_devices xc7a35t_0]
set_property PROGRAM.FILE {C:/Users/Pinju/Desktop/tetris_projec_3.0/tetris_basic/project_tetris_test.runs/impl_1/tetris.bit} [get_hw_devices xc7a35t_0]
program_hw_devices [get_hw_devices xc7a35t_0]
INFO: [Labtools 27-3164] End of startup status: HIGH
refresh_hw_device [lindex [get_hw_devices xc7a35t_0] 0]
INFO: [Labtools 27-1434] Device xc7a35t (JTAG device index = 0) is programmed with a design that has no supported debug core(s) in it.
ERROR: [Labtoolstcl 44-513] HW Target shutdown. Closing target: localhost:3121/xilinx_tcf/Xilinx/1234-tulA
close_hw
exit
INFO: [Common 17-206] Exiting Vivado at Thu Jul 25 10:18:28 2019...
