#-----------------------------------------------------------
# Vivado v2018.3 (64-bit)
# SW Build 2405991 on Thu Dec  6 23:38:27 MST 2018
# IP Build 2404404 on Fri Dec  7 01:43:56 MST 2018
# Start of session at: Thu Jul 25 10:20:37 2019
# Process ID: 8660
# Current directory: C:/Users/Administrator.2013-20160223HK/Desktop/tetris_projec_4.0/tetris_basic
# Command line: vivado.exe -gui_launcher_event rodinguilauncherevent8580 C:\Users\Administrator.2013-20160223HK\Desktop\tetris_projec_4.0\tetris_basic\project_tetris_test.xpr
# Log file: C:/Users/Administrator.2013-20160223HK/Desktop/tetris_projec_4.0/tetris_basic/vivado.log
# Journal file: C:/Users/Administrator.2013-20160223HK/Desktop/tetris_projec_4.0/tetris_basic\vivado.jou
#-----------------------------------------------------------
start_gui
open_project C:/Users/Administrator.2013-20160223HK/Desktop/tetris_projec_4.0/tetris_basic/project_tetris_test.xpr
INFO: [Project 1-313] Project file moved from 'C:/Users/Pinju/Desktop/tetris_projec_3.0/tetris_basic' since last save.
Scanning sources...
Finished scanning sources
INFO: [IP_Flow 19-234] Refreshing IP repositories
INFO: [IP_Flow 19-1704] No user IP repositories specified
INFO: [IP_Flow 19-2313] Loaded Vivado IP repository 'F:/Xilinx/Vivado/2018.3/data/ip'.
open_project: Time (s): cpu = 00:00:25 ; elapsed = 00:00:23 . Memory (MB): peak = 809.031 ; gain = 227.379
update_compile_order -fileset sources_1
reset_run synth_1
launch_runs synth_1 -jobs 2
[Thu Jul 25 10:28:06 2019] Launched synth_1...
Run output will be captured here: C:/Users/Administrator.2013-20160223HK/Desktop/tetris_projec_4.0/tetris_basic/project_tetris_test.runs/synth_1/runme.log
open_run synth_1 -name synth_1
Design is defaulting to impl run constrset: constrs_1
Design is defaulting to synth run part: xa7a35tcsg324-1I
INFO: [Project 1-454] Reading design checkpoint 'c:/Users/Administrator.2013-20160223HK/Desktop/tetris_projec_4.0/tetris_basic/project_tetris_test.srcs/sources_1/ip/clk_wiz_0/clk_wiz_0.dcp' for cell 'diaplay_pictureso/CLK_U0'
INFO: [Netlist 29-17] Analyzing 729 Unisim elements for replacement
INFO: [Netlist 29-28] Unisim Transformation completed in 0 CPU seconds
INFO: [Project 1-479] Netlist was created with Vivado 2018.3
INFO: [Device 21-403] Loading part xa7a35tcsg324-1I
INFO: [Project 1-570] Preparing netlist for logic optimization
WARNING: [Opt 31-35] Removing redundant IBUF, diaplay_pictureso/CLK_U0/inst/clkin1_ibufg, from the path connected to top-level port: clk_too_fast 
Resolution: The tool has removed redundant IBUF. To resolve this warning, check for redundant IBUF in the input design.
WARNING: [Constraints 18-550] Could not create 'IBUF_LOW_PWR' constraint because net 'diaplay_pictureso/CLK_U0/clk_in1' is not directly connected to top level port. Synthesis is ignored for IBUF_LOW_PWR but preserved for implementation.
Parsing XDC File [c:/Users/Administrator.2013-20160223HK/Desktop/tetris_projec_4.0/tetris_basic/project_tetris_test.srcs/sources_1/ip/clk_wiz_0/clk_wiz_0_board.xdc] for cell 'diaplay_pictureso/CLK_U0/inst'
Finished Parsing XDC File [c:/Users/Administrator.2013-20160223HK/Desktop/tetris_projec_4.0/tetris_basic/project_tetris_test.srcs/sources_1/ip/clk_wiz_0/clk_wiz_0_board.xdc] for cell 'diaplay_pictureso/CLK_U0/inst'
Parsing XDC File [c:/Users/Administrator.2013-20160223HK/Desktop/tetris_projec_4.0/tetris_basic/project_tetris_test.srcs/sources_1/ip/clk_wiz_0/clk_wiz_0.xdc] for cell 'diaplay_pictureso/CLK_U0/inst'
INFO: [Timing 38-35] Done setting XDC timing constraints. [c:/Users/Administrator.2013-20160223HK/Desktop/tetris_projec_4.0/tetris_basic/project_tetris_test.srcs/sources_1/ip/clk_wiz_0/clk_wiz_0.xdc:57]
INFO: [Timing 38-2] Deriving generated clocks [c:/Users/Administrator.2013-20160223HK/Desktop/tetris_projec_4.0/tetris_basic/project_tetris_test.srcs/sources_1/ip/clk_wiz_0/clk_wiz_0.xdc:57]
get_clocks: Time (s): cpu = 00:00:14 ; elapsed = 00:00:24 . Memory (MB): peak = 1654.445 ; gain = 427.570
Finished Parsing XDC File [c:/Users/Administrator.2013-20160223HK/Desktop/tetris_projec_4.0/tetris_basic/project_tetris_test.srcs/sources_1/ip/clk_wiz_0/clk_wiz_0.xdc] for cell 'diaplay_pictureso/CLK_U0/inst'
Parsing XDC File [C:/Users/Administrator.2013-20160223HK/Desktop/tetris_projec_4.0/tetris_basic/project_tetris_test.srcs/constrs_1/new/PINS.xdc]
WARNING: [Vivado 12-584] No ports matched 'rgb_r[0]'. [C:/Users/Administrator.2013-20160223HK/Desktop/tetris_projec_4.0/tetris_basic/project_tetris_test.srcs/constrs_1/new/PINS.xdc:48]
CRITICAL WARNING: [Common 17-55] 'set_property' expects at least one object. [C:/Users/Administrator.2013-20160223HK/Desktop/tetris_projec_4.0/tetris_basic/project_tetris_test.srcs/constrs_1/new/PINS.xdc:48]
Resolution: If [get_<value>] was used to populate the object, check to make sure this command returns at least one valid object.
WARNING: [Vivado 12-584] No ports matched 'rgb_r[1]'. [C:/Users/Administrator.2013-20160223HK/Desktop/tetris_projec_4.0/tetris_basic/project_tetris_test.srcs/constrs_1/new/PINS.xdc:49]
CRITICAL WARNING: [Common 17-55] 'set_property' expects at least one object. [C:/Users/Administrator.2013-20160223HK/Desktop/tetris_projec_4.0/tetris_basic/project_tetris_test.srcs/constrs_1/new/PINS.xdc:49]
Resolution: If [get_<value>] was used to populate the object, check to make sure this command returns at least one valid object.
WARNING: [Vivado 12-584] No ports matched 'rgb_r[2]'. [C:/Users/Administrator.2013-20160223HK/Desktop/tetris_projec_4.0/tetris_basic/project_tetris_test.srcs/constrs_1/new/PINS.xdc:50]
CRITICAL WARNING: [Common 17-55] 'set_property' expects at least one object. [C:/Users/Administrator.2013-20160223HK/Desktop/tetris_projec_4.0/tetris_basic/project_tetris_test.srcs/constrs_1/new/PINS.xdc:50]
Resolution: If [get_<value>] was used to populate the object, check to make sure this command returns at least one valid object.
WARNING: [Vivado 12-584] No ports matched 'rgb_r[3]'. [C:/Users/Administrator.2013-20160223HK/Desktop/tetris_projec_4.0/tetris_basic/project_tetris_test.srcs/constrs_1/new/PINS.xdc:51]
CRITICAL WARNING: [Common 17-55] 'set_property' expects at least one object. [C:/Users/Administrator.2013-20160223HK/Desktop/tetris_projec_4.0/tetris_basic/project_tetris_test.srcs/constrs_1/new/PINS.xdc:51]
Resolution: If [get_<value>] was used to populate the object, check to make sure this command returns at least one valid object.
WARNING: [Vivado 12-584] No ports matched 'rgb_r[4]'. [C:/Users/Administrator.2013-20160223HK/Desktop/tetris_projec_4.0/tetris_basic/project_tetris_test.srcs/constrs_1/new/PINS.xdc:52]
CRITICAL WARNING: [Common 17-55] 'set_property' expects at least one object. [C:/Users/Administrator.2013-20160223HK/Desktop/tetris_projec_4.0/tetris_basic/project_tetris_test.srcs/constrs_1/new/PINS.xdc:52]
Resolution: If [get_<value>] was used to populate the object, check to make sure this command returns at least one valid object.
WARNING: [Vivado 12-584] No ports matched 'rgb_r[5]'. [C:/Users/Administrator.2013-20160223HK/Desktop/tetris_projec_4.0/tetris_basic/project_tetris_test.srcs/constrs_1/new/PINS.xdc:53]
CRITICAL WARNING: [Common 17-55] 'set_property' expects at least one object. [C:/Users/Administrator.2013-20160223HK/Desktop/tetris_projec_4.0/tetris_basic/project_tetris_test.srcs/constrs_1/new/PINS.xdc:53]
Resolution: If [get_<value>] was used to populate the object, check to make sure this command returns at least one valid object.
WARNING: [Vivado 12-584] No ports matched 'rgb_r[6]'. [C:/Users/Administrator.2013-20160223HK/Desktop/tetris_projec_4.0/tetris_basic/project_tetris_test.srcs/constrs_1/new/PINS.xdc:54]
CRITICAL WARNING: [Common 17-55] 'set_property' expects at least one object. [C:/Users/Administrator.2013-20160223HK/Desktop/tetris_projec_4.0/tetris_basic/project_tetris_test.srcs/constrs_1/new/PINS.xdc:54]
Resolution: If [get_<value>] was used to populate the object, check to make sure this command returns at least one valid object.
WARNING: [Vivado 12-584] No ports matched 'rgb_r[7]'. [C:/Users/Administrator.2013-20160223HK/Desktop/tetris_projec_4.0/tetris_basic/project_tetris_test.srcs/constrs_1/new/PINS.xdc:55]
CRITICAL WARNING: [Common 17-55] 'set_property' expects at least one object. [C:/Users/Administrator.2013-20160223HK/Desktop/tetris_projec_4.0/tetris_basic/project_tetris_test.srcs/constrs_1/new/PINS.xdc:55]
Resolution: If [get_<value>] was used to populate the object, check to make sure this command returns at least one valid object.
WARNING: [Vivado 12-584] No ports matched 'rgb_b[0]'. [C:/Users/Administrator.2013-20160223HK/Desktop/tetris_projec_4.0/tetris_basic/project_tetris_test.srcs/constrs_1/new/PINS.xdc:56]
CRITICAL WARNING: [Common 17-55] 'set_property' expects at least one object. [C:/Users/Administrator.2013-20160223HK/Desktop/tetris_projec_4.0/tetris_basic/project_tetris_test.srcs/constrs_1/new/PINS.xdc:56]
Resolution: If [get_<value>] was used to populate the object, check to make sure this command returns at least one valid object.
WARNING: [Vivado 12-584] No ports matched 'rgb_b[1]'. [C:/Users/Administrator.2013-20160223HK/Desktop/tetris_projec_4.0/tetris_basic/project_tetris_test.srcs/constrs_1/new/PINS.xdc:57]
CRITICAL WARNING: [Common 17-55] 'set_property' expects at least one object. [C:/Users/Administrator.2013-20160223HK/Desktop/tetris_projec_4.0/tetris_basic/project_tetris_test.srcs/constrs_1/new/PINS.xdc:57]
Resolution: If [get_<value>] was used to populate the object, check to make sure this command returns at least one valid object.
WARNING: [Vivado 12-584] No ports matched 'rgb_b[2]'. [C:/Users/Administrator.2013-20160223HK/Desktop/tetris_projec_4.0/tetris_basic/project_tetris_test.srcs/constrs_1/new/PINS.xdc:58]
CRITICAL WARNING: [Common 17-55] 'set_property' expects at least one object. [C:/Users/Administrator.2013-20160223HK/Desktop/tetris_projec_4.0/tetris_basic/project_tetris_test.srcs/constrs_1/new/PINS.xdc:58]
Resolution: If [get_<value>] was used to populate the object, check to make sure this command returns at least one valid object.
WARNING: [Vivado 12-584] No ports matched 'rgb_b[3]'. [C:/Users/Administrator.2013-20160223HK/Desktop/tetris_projec_4.0/tetris_basic/project_tetris_test.srcs/constrs_1/new/PINS.xdc:59]
CRITICAL WARNING: [Common 17-55] 'set_property' expects at least one object. [C:/Users/Administrator.2013-20160223HK/Desktop/tetris_projec_4.0/tetris_basic/project_tetris_test.srcs/constrs_1/new/PINS.xdc:59]
Resolution: If [get_<value>] was used to populate the object, check to make sure this command returns at least one valid object.
WARNING: [Vivado 12-584] No ports matched 'rgb_b[4]'. [C:/Users/Administrator.2013-20160223HK/Desktop/tetris_projec_4.0/tetris_basic/project_tetris_test.srcs/constrs_1/new/PINS.xdc:60]
CRITICAL WARNING: [Common 17-55] 'set_property' expects at least one object. [C:/Users/Administrator.2013-20160223HK/Desktop/tetris_projec_4.0/tetris_basic/project_tetris_test.srcs/constrs_1/new/PINS.xdc:60]
Resolution: If [get_<value>] was used to populate the object, check to make sure this command returns at least one valid object.
WARNING: [Vivado 12-584] No ports matched 'rgb_b[5]'. [C:/Users/Administrator.2013-20160223HK/Desktop/tetris_projec_4.0/tetris_basic/project_tetris_test.srcs/constrs_1/new/PINS.xdc:61]
CRITICAL WARNING: [Common 17-55] 'set_property' expects at least one object. [C:/Users/Administrator.2013-20160223HK/Desktop/tetris_projec_4.0/tetris_basic/project_tetris_test.srcs/constrs_1/new/PINS.xdc:61]
Resolution: If [get_<value>] was used to populate the object, check to make sure this command returns at least one valid object.
WARNING: [Vivado 12-584] No ports matched 'rgb_b[6]'. [C:/Users/Administrator.2013-20160223HK/Desktop/tetris_projec_4.0/tetris_basic/project_tetris_test.srcs/constrs_1/new/PINS.xdc:62]
CRITICAL WARNING: [Common 17-55] 'set_property' expects at least one object. [C:/Users/Administrator.2013-20160223HK/Desktop/tetris_projec_4.0/tetris_basic/project_tetris_test.srcs/constrs_1/new/PINS.xdc:62]
Resolution: If [get_<value>] was used to populate the object, check to make sure this command returns at least one valid object.
WARNING: [Vivado 12-584] No ports matched 'rgb_b[7]'. [C:/Users/Administrator.2013-20160223HK/Desktop/tetris_projec_4.0/tetris_basic/project_tetris_test.srcs/constrs_1/new/PINS.xdc:63]
CRITICAL WARNING: [Common 17-55] 'set_property' expects at least one object. [C:/Users/Administrator.2013-20160223HK/Desktop/tetris_projec_4.0/tetris_basic/project_tetris_test.srcs/constrs_1/new/PINS.xdc:63]
Resolution: If [get_<value>] was used to populate the object, check to make sure this command returns at least one valid object.
WARNING: [Vivado 12-584] No ports matched 'rgb_b[7]'. [C:/Users/Administrator.2013-20160223HK/Desktop/tetris_projec_4.0/tetris_basic/project_tetris_test.srcs/constrs_1/new/PINS.xdc:69]
CRITICAL WARNING: [Common 17-55] 'set_property' expects at least one object. [C:/Users/Administrator.2013-20160223HK/Desktop/tetris_projec_4.0/tetris_basic/project_tetris_test.srcs/constrs_1/new/PINS.xdc:69]
Resolution: If [get_<value>] was used to populate the object, check to make sure this command returns at least one valid object.
WARNING: [Vivado 12-584] No ports matched 'rgb_b[6]'. [C:/Users/Administrator.2013-20160223HK/Desktop/tetris_projec_4.0/tetris_basic/project_tetris_test.srcs/constrs_1/new/PINS.xdc:70]
CRITICAL WARNING: [Common 17-55] 'set_property' expects at least one object. [C:/Users/Administrator.2013-20160223HK/Desktop/tetris_projec_4.0/tetris_basic/project_tetris_test.srcs/constrs_1/new/PINS.xdc:70]
Resolution: If [get_<value>] was used to populate the object, check to make sure this command returns at least one valid object.
WARNING: [Vivado 12-584] No ports matched 'rgb_b[5]'. [C:/Users/Administrator.2013-20160223HK/Desktop/tetris_projec_4.0/tetris_basic/project_tetris_test.srcs/constrs_1/new/PINS.xdc:71]
CRITICAL WARNING: [Common 17-55] 'set_property' expects at least one object. [C:/Users/Administrator.2013-20160223HK/Desktop/tetris_projec_4.0/tetris_basic/project_tetris_test.srcs/constrs_1/new/PINS.xdc:71]
Resolution: If [get_<value>] was used to populate the object, check to make sure this command returns at least one valid object.
WARNING: [Vivado 12-584] No ports matched 'rgb_b[4]'. [C:/Users/Administrator.2013-20160223HK/Desktop/tetris_projec_4.0/tetris_basic/project_tetris_test.srcs/constrs_1/new/PINS.xdc:72]
CRITICAL WARNING: [Common 17-55] 'set_property' expects at least one object. [C:/Users/Administrator.2013-20160223HK/Desktop/tetris_projec_4.0/tetris_basic/project_tetris_test.srcs/constrs_1/new/PINS.xdc:72]
Resolution: If [get_<value>] was used to populate the object, check to make sure this command returns at least one valid object.
WARNING: [Vivado 12-584] No ports matched 'rgb_b[3]'. [C:/Users/Administrator.2013-20160223HK/Desktop/tetris_projec_4.0/tetris_basic/project_tetris_test.srcs/constrs_1/new/PINS.xdc:73]
CRITICAL WARNING: [Common 17-55] 'set_property' expects at least one object. [C:/Users/Administrator.2013-20160223HK/Desktop/tetris_projec_4.0/tetris_basic/project_tetris_test.srcs/constrs_1/new/PINS.xdc:73]
Resolution: If [get_<value>] was used to populate the object, check to make sure this command returns at least one valid object.
WARNING: [Vivado 12-584] No ports matched 'rgb_b[2]'. [C:/Users/Administrator.2013-20160223HK/Desktop/tetris_projec_4.0/tetris_basic/project_tetris_test.srcs/constrs_1/new/PINS.xdc:74]
CRITICAL WARNING: [Common 17-55] 'set_property' expects at least one object. [C:/Users/Administrator.2013-20160223HK/Desktop/tetris_projec_4.0/tetris_basic/project_tetris_test.srcs/constrs_1/new/PINS.xdc:74]
Resolution: If [get_<value>] was used to populate the object, check to make sure this command returns at least one valid object.
WARNING: [Vivado 12-584] No ports matched 'rgb_b[1]'. [C:/Users/Administrator.2013-20160223HK/Desktop/tetris_projec_4.0/tetris_basic/project_tetris_test.srcs/constrs_1/new/PINS.xdc:75]
CRITICAL WARNING: [Common 17-55] 'set_property' expects at least one object. [C:/Users/Administrator.2013-20160223HK/Desktop/tetris_projec_4.0/tetris_basic/project_tetris_test.srcs/constrs_1/new/PINS.xdc:75]
Resolution: If [get_<value>] was used to populate the object, check to make sure this command returns at least one valid object.
WARNING: [Vivado 12-584] No ports matched 'rgb_b[0]'. [C:/Users/Administrator.2013-20160223HK/Desktop/tetris_projec_4.0/tetris_basic/project_tetris_test.srcs/constrs_1/new/PINS.xdc:76]
CRITICAL WARNING: [Common 17-55] 'set_property' expects at least one object. [C:/Users/Administrator.2013-20160223HK/Desktop/tetris_projec_4.0/tetris_basic/project_tetris_test.srcs/constrs_1/new/PINS.xdc:76]
Resolution: If [get_<value>] was used to populate the object, check to make sure this command returns at least one valid object.
WARNING: [Vivado 12-584] No ports matched 'rgb_r[7]'. [C:/Users/Administrator.2013-20160223HK/Desktop/tetris_projec_4.0/tetris_basic/project_tetris_test.srcs/constrs_1/new/PINS.xdc:77]
CRITICAL WARNING: [Common 17-55] 'set_property' expects at least one object. [C:/Users/Administrator.2013-20160223HK/Desktop/tetris_projec_4.0/tetris_basic/project_tetris_test.srcs/constrs_1/new/PINS.xdc:77]
Resolution: If [get_<value>] was used to populate the object, check to make sure this command returns at least one valid object.
WARNING: [Vivado 12-584] No ports matched 'rgb_r[6]'. [C:/Users/Administrator.2013-20160223HK/Desktop/tetris_projec_4.0/tetris_basic/project_tetris_test.srcs/constrs_1/new/PINS.xdc:78]
CRITICAL WARNING: [Common 17-55] 'set_property' expects at least one object. [C:/Users/Administrator.2013-20160223HK/Desktop/tetris_projec_4.0/tetris_basic/project_tetris_test.srcs/constrs_1/new/PINS.xdc:78]
Resolution: If [get_<value>] was used to populate the object, check to make sure this command returns at least one valid object.
WARNING: [Vivado 12-584] No ports matched 'rgb_r[5]'. [C:/Users/Administrator.2013-20160223HK/Desktop/tetris_projec_4.0/tetris_basic/project_tetris_test.srcs/constrs_1/new/PINS.xdc:79]
CRITICAL WARNING: [Common 17-55] 'set_property' expects at least one object. [C:/Users/Administrator.2013-20160223HK/Desktop/tetris_projec_4.0/tetris_basic/project_tetris_test.srcs/constrs_1/new/PINS.xdc:79]
Resolution: If [get_<value>] was used to populate the object, check to make sure this command returns at least one valid object.
WARNING: [Vivado 12-584] No ports matched 'rgb_r[4]'. [C:/Users/Administrator.2013-20160223HK/Desktop/tetris_projec_4.0/tetris_basic/project_tetris_test.srcs/constrs_1/new/PINS.xdc:80]
CRITICAL WARNING: [Common 17-55] 'set_property' expects at least one object. [C:/Users/Administrator.2013-20160223HK/Desktop/tetris_projec_4.0/tetris_basic/project_tetris_test.srcs/constrs_1/new/PINS.xdc:80]
Resolution: If [get_<value>] was used to populate the object, check to make sure this command returns at least one valid object.
WARNING: [Vivado 12-584] No ports matched 'rgb_r[3]'. [C:/Users/Administrator.2013-20160223HK/Desktop/tetris_projec_4.0/tetris_basic/project_tetris_test.srcs/constrs_1/new/PINS.xdc:81]
CRITICAL WARNING: [Common 17-55] 'set_property' expects at least one object. [C:/Users/Administrator.2013-20160223HK/Desktop/tetris_projec_4.0/tetris_basic/project_tetris_test.srcs/constrs_1/new/PINS.xdc:81]
Resolution: If [get_<value>] was used to populate the object, check to make sure this command returns at least one valid object.
WARNING: [Vivado 12-584] No ports matched 'rgb_r[2]'. [C:/Users/Administrator.2013-20160223HK/Desktop/tetris_projec_4.0/tetris_basic/project_tetris_test.srcs/constrs_1/new/PINS.xdc:82]
CRITICAL WARNING: [Common 17-55] 'set_property' expects at least one object. [C:/Users/Administrator.2013-20160223HK/Desktop/tetris_projec_4.0/tetris_basic/project_tetris_test.srcs/constrs_1/new/PINS.xdc:82]
Resolution: If [get_<value>] was used to populate the object, check to make sure this command returns at least one valid object.
WARNING: [Vivado 12-584] No ports matched 'rgb_r[1]'. [C:/Users/Administrator.2013-20160223HK/Desktop/tetris_projec_4.0/tetris_basic/project_tetris_test.srcs/constrs_1/new/PINS.xdc:83]
CRITICAL WARNING: [Common 17-55] 'set_property' expects at least one object. [C:/Users/Administrator.2013-20160223HK/Desktop/tetris_projec_4.0/tetris_basic/project_tetris_test.srcs/constrs_1/new/PINS.xdc:83]
Resolution: If [get_<value>] was used to populate the object, check to make sure this command returns at least one valid object.
WARNING: [Vivado 12-584] No ports matched 'rgb_r[0]'. [C:/Users/Administrator.2013-20160223HK/Desktop/tetris_projec_4.0/tetris_basic/project_tetris_test.srcs/constrs_1/new/PINS.xdc:84]
CRITICAL WARNING: [Common 17-55] 'set_property' expects at least one object. [C:/Users/Administrator.2013-20160223HK/Desktop/tetris_projec_4.0/tetris_basic/project_tetris_test.srcs/constrs_1/new/PINS.xdc:84]
Resolution: If [get_<value>] was used to populate the object, check to make sure this command returns at least one valid object.
WARNING: [Vivado 12-750] There are no ChipScope debug cores in this design. [C:/Users/Administrator.2013-20160223HK/Desktop/tetris_projec_4.0/tetris_basic/project_tetris_test.srcs/constrs_1/new/PINS.xdc:86]
CRITICAL WARNING: [Common 17-55] 'set_property' expects at least one object. [C:/Users/Administrator.2013-20160223HK/Desktop/tetris_projec_4.0/tetris_basic/project_tetris_test.srcs/constrs_1/new/PINS.xdc:86]
Resolution: If [get_<value>] was used to populate the object, check to make sure this command returns at least one valid object.
WARNING: [Vivado 12-750] There are no ChipScope debug cores in this design. [C:/Users/Administrator.2013-20160223HK/Desktop/tetris_projec_4.0/tetris_basic/project_tetris_test.srcs/constrs_1/new/PINS.xdc:87]
CRITICAL WARNING: [Common 17-55] 'set_property' expects at least one object. [C:/Users/Administrator.2013-20160223HK/Desktop/tetris_projec_4.0/tetris_basic/project_tetris_test.srcs/constrs_1/new/PINS.xdc:87]
Resolution: If [get_<value>] was used to populate the object, check to make sure this command returns at least one valid object.
WARNING: [Vivado 12-750] There are no ChipScope debug cores in this design. [C:/Users/Administrator.2013-20160223HK/Desktop/tetris_projec_4.0/tetris_basic/project_tetris_test.srcs/constrs_1/new/PINS.xdc:88]
CRITICAL WARNING: [Common 17-55] 'set_property' expects at least one object. [C:/Users/Administrator.2013-20160223HK/Desktop/tetris_projec_4.0/tetris_basic/project_tetris_test.srcs/constrs_1/new/PINS.xdc:88]
Resolution: If [get_<value>] was used to populate the object, check to make sure this command returns at least one valid object.
CRITICAL WARNING: [Vivado 12-1419] Debug core 'dbg_hub' was not found. [C:/Users/Administrator.2013-20160223HK/Desktop/tetris_projec_4.0/tetris_basic/project_tetris_test.srcs/constrs_1/new/PINS.xdc:89]
Finished Parsing XDC File [C:/Users/Administrator.2013-20160223HK/Desktop/tetris_projec_4.0/tetris_basic/project_tetris_test.srcs/constrs_1/new/PINS.xdc]
INFO: [Opt 31-138] Pushed 0 inverter(s) to 0 load pin(s).
Netlist sorting complete. Time (s): cpu = 00:00:00 ; elapsed = 00:00:00.009 . Memory (MB): peak = 1655.625 ; gain = 0.000
INFO: [Project 1-111] Unisim Transformation Summary:
No Unisim elements were transformed.

open_run: Time (s): cpu = 00:00:37 ; elapsed = 00:01:01 . Memory (MB): peak = 1706.332 ; gain = 632.285
close_design
launch_runs impl_1 -to_step write_bitstream -jobs 2
[Thu Jul 25 10:37:11 2019] Launched impl_1...
Run output will be captured here: C:/Users/Administrator.2013-20160223HK/Desktop/tetris_projec_4.0/tetris_basic/project_tetris_test.runs/impl_1/runme.log
open_hw
open_hw: Time (s): cpu = 00:00:03 ; elapsed = 00:00:21 . Memory (MB): peak = 1830.832 ; gain = 0.000
connect_hw_server
INFO: [Labtools 27-2285] Connecting to hw_server url TCP:localhost:3121
INFO: [Labtools 27-2222] Launching hw_server...
INFO: [Common 17-41] Interrupt caught. Command should exit soon.
INFO: [Labtools 27-2221] Launch Output:

****** Xilinx hw_server v2018.3
  **** Build date : Dec  7 2018-00:40:27
    ** Copyright 1986-2018 Xilinx, Inc. All Rights Reserved.


ERROR: [Labtools 27-3419] Disconnecting from hw_server since it's not responding to requests.  It is recommended to investigate hw_server to find any issues.
