#-----------------------------------------------------------
# Vivado v2018.3 (64-bit)
# SW Build 2405991 on Thu Dec  6 23:38:27 MST 2018
# IP Build 2404404 on Fri Dec  7 01:43:56 MST 2018
# Start of session at: Thu Jul 25 10:56:07 2019
# Process ID: 12564
# Current directory: C:/Users/Pinju/Desktop/tetris_projec_5.0/tetris_basic
# Command line: vivado.exe -gui_launcher_event rodinguilauncherevent12316 C:\Users\Pinju\Desktop\tetris_projec_5.0\tetris_basic\project_tetris_test.xpr
# Log file: C:/Users/Pinju/Desktop/tetris_projec_5.0/tetris_basic/vivado.log
# Journal file: C:/Users/Pinju/Desktop/tetris_projec_5.0/tetris_basic\vivado.jou
#-----------------------------------------------------------
start_gui
open_project C:/Users/Pinju/Desktop/tetris_projec_5.0/tetris_basic/project_tetris_test.xpr
INFO: [Project 1-313] Project file moved from 'C:/Users/Administrator.2013-20160223HK/Desktop/tetris_projec_4.0/tetris_basic' since last save.
Scanning sources...
Finished scanning sources
INFO: [IP_Flow 19-234] Refreshing IP repositories
INFO: [IP_Flow 19-1704] No user IP repositories specified
INFO: [IP_Flow 19-2313] Loaded Vivado IP repository 'D:/SoftWare/Xilinx_Vivado/Vivado/2018.3/data/ip'.
open_project: Time (s): cpu = 00:00:28 ; elapsed = 00:00:15 . Memory (MB): peak = 850.539 ; gain = 241.934
update_compile_order -fileset sources_1
open_hw
connect_hw_server
INFO: [Labtools 27-2285] Connecting to hw_server url TCP:localhost:3121
open_hw_target
INFO: [Labtoolstcl 44-466] Opening hw_target localhost:3121/xilinx_tcf/Xilinx/1234-tulA
set_property PROGRAM.FILE {C:/Users/Pinju/Desktop/tetris_projec_5.0/tetris_basic/project_tetris_test.runs/impl_1/tetris.bit} [get_hw_devices xc7a35t_0]
current_hw_device [get_hw_devices xc7a35t_0]
refresh_hw_device -update_hw_probes false [lindex [get_hw_devices xc7a35t_0] 0]
INFO: [Labtools 27-1434] Device xc7a35t (JTAG device index = 0) is programmed with a design that has no supported debug core(s) in it.
set_property PROBES.FILE {} [get_hw_devices xc7a35t_0]
set_property FULL_PROBES.FILE {} [get_hw_devices xc7a35t_0]
set_property PROGRAM.FILE {C:/Users/Pinju/Desktop/tetris_projec_5.0/tetris_basic/project_tetris_test.runs/impl_1/tetris.bit} [get_hw_devices xc7a35t_0]
program_hw_devices [get_hw_devices xc7a35t_0]
INFO: [Labtools 27-3164] End of startup status: HIGH
refresh_hw_device [lindex [get_hw_devices xc7a35t_0] 0]
INFO: [Labtools 27-1434] Device xc7a35t (JTAG device index = 0) is programmed with a design that has no supported debug core(s) in it.
close_hw
exit
INFO: [Common 17-206] Exiting Vivado at Thu Jul 25 10:59:07 2019...
