#-----------------------------------------------------------
# Vivado v2018.3 (64-bit)
# SW Build 2405991 on Thu Dec  6 23:38:27 MST 2018
# IP Build 2404404 on Fri Dec  7 01:43:56 MST 2018
# Start of session at: Wed Jul 24 19:36:19 2019
# Process ID: 1808
# Current directory: C:/Users/Administrator.2013-20160223HK/Desktop/tetris_projec_2.0/tetris_basic
# Command line: vivado.exe -gui_launcher_event rodinguilauncherevent5660 C:\Users\Administrator.2013-20160223HK\Desktop\tetris_projec_2.0\tetris_basic\project_tetris_test.xpr
# Log file: C:/Users/Administrator.2013-20160223HK/Desktop/tetris_projec_2.0/tetris_basic/vivado.log
# Journal file: C:/Users/Administrator.2013-20160223HK/Desktop/tetris_projec_2.0/tetris_basic\vivado.jou
#-----------------------------------------------------------
start_gui
open_project C:/Users/Administrator.2013-20160223HK/Desktop/tetris_projec_2.0/tetris_basic/project_tetris_test.xpr
INFO: [Project 1-313] Project file moved from 'C:/Users/Pinju/Desktop/tetris_project1.0/tetris_basic' since last save.
Scanning sources...
Finished scanning sources
INFO: [IP_Flow 19-234] Refreshing IP repositories
INFO: [IP_Flow 19-1704] No user IP repositories specified
INFO: [IP_Flow 19-2313] Loaded Vivado IP repository 'F:/Xilinx/Vivado/2018.3/data/ip'.
open_project: Time (s): cpu = 00:00:24 ; elapsed = 00:00:12 . Memory (MB): peak = 864.707 ; gain = 243.531
update_compile_order -fileset sources_1
update_compile_order -fileset sources_1
update_compile_order -fileset sources_1
exit
INFO: [Common 17-206] Exiting Vivado at Wed Jul 24 19:53:28 2019...
